Determining if the pthread_create exist failed with the following output:
Change Dir: /home/prkizir/Desktop/ITESM/10mo/AppliedRobotics/ROSdev/build/CMakeFiles/CMakeTmp

Run Build Command:"/usr/bin/make" "cmTC_fc7bc/fast"
/usr/bin/make -f CMakeFiles/cmTC_fc7bc.dir/build.make CMakeFiles/cmTC_fc7bc.dir/build
make[1]: Entering directory '/home/prkizir/Desktop/ITESM/10mo/AppliedRobotics/ROSdev/build/CMakeFiles/CMakeTmp'
Building C object CMakeFiles/cmTC_fc7bc.dir/CheckSymbolExists.c.o
/usr/bin/cc    -o CMakeFiles/cmTC_fc7bc.dir/CheckSymbolExists.c.o   -c /home/prkizir/Desktop/ITESM/10mo/AppliedRobotics/ROSdev/build/CMakeFiles/CMakeTmp/CheckSymbolExists.c
Linking C executable cmTC_fc7bc
/usr/bin/cmake -E cmake_link_script CMakeFiles/cmTC_fc7bc.dir/link.txt --verbose=1
/usr/bin/cc      -rdynamic CMakeFiles/cmTC_fc7bc.dir/CheckSymbolExists.c.o  -o cmTC_fc7bc 
CMakeFiles/cmTC_fc7bc.dir/CheckSymbolExists.c.o: In function `main':
CheckSymbolExists.c:(.text+0x1b): undefined reference to `pthread_create'
collect2: error: ld returned 1 exit status
CMakeFiles/cmTC_fc7bc.dir/build.make:97: recipe for target 'cmTC_fc7bc' failed
make[1]: *** [cmTC_fc7bc] Error 1
make[1]: Leaving directory '/home/prkizir/Desktop/ITESM/10mo/AppliedRobotics/ROSdev/build/CMakeFiles/CMakeTmp'
Makefile:126: recipe for target 'cmTC_fc7bc/fast' failed
make: *** [cmTC_fc7bc/fast] Error 2

File /home/prkizir/Desktop/ITESM/10mo/AppliedRobotics/ROSdev/build/CMakeFiles/CMakeTmp/CheckSymbolExists.c:
/* */
#include <pthread.h>

int main(int argc, char** argv)
{
  (void)argv;
#ifndef pthread_create
  return ((int*)(&pthread_create))[argc];
#else
  (void)argc;
  return 0;
#endif
}

Determining if the function pthread_create exists in the pthreads failed with the following output:
Change Dir: /home/prkizir/Desktop/ITESM/10mo/AppliedRobotics/ROSdev/build/CMakeFiles/CMakeTmp

Run Build Command:"/usr/bin/make" "cmTC_17583/fast"
/usr/bin/make -f CMakeFiles/cmTC_17583.dir/build.make CMakeFiles/cmTC_17583.dir/build
make[1]: Entering directory '/home/prkizir/Desktop/ITESM/10mo/AppliedRobotics/ROSdev/build/CMakeFiles/CMakeTmp'
Building C object CMakeFiles/cmTC_17583.dir/CheckFunctionExists.c.o
/usr/bin/cc   -DCHECK_FUNCTION_EXISTS=pthread_create   -o CMakeFiles/cmTC_17583.dir/CheckFunctionExists.c.o   -c /usr/share/cmake-3.10/Modules/CheckFunctionExists.c
Linking C executable cmTC_17583
/usr/bin/cmake -E cmake_link_script CMakeFiles/cmTC_17583.dir/link.txt --verbose=1
/usr/bin/cc  -DCHECK_FUNCTION_EXISTS=pthread_create    -rdynamic CMakeFiles/cmTC_17583.dir/CheckFunctionExists.c.o  -o cmTC_17583 -lpthreads 
/usr/bin/ld: cannot find -lpthreads
collect2: error: ld returned 1 exit status
CMakeFiles/cmTC_17583.dir/build.make:97: recipe for target 'cmTC_17583' failed
make[1]: *** [cmTC_17583] Error 1
make[1]: Leaving directory '/home/prkizir/Desktop/ITESM/10mo/AppliedRobotics/ROSdev/build/CMakeFiles/CMakeTmp'
Makefile:126: recipe for target 'cmTC_17583/fast' failed
make: *** [cmTC_17583/fast] Error 2


